2015-02-05 19:49:09,113 INFO  [VInicial] Aplicacion iniciada 
2015-02-05 19:49:57,459 INFO  [VInicial] Ruta seleccionada 
2015-02-05 19:49:58,569 INFO  [VInicial] Ruta correcta 
2015-02-05 19:49:58,599 INFO  [VGenDePreguntas] Pantalla Principal  
2015-02-05 19:49:58,729 INFO  [VGenDePreguntas] Cargando ayuda  
2015-02-05 19:50:15,046 INFO  [VGenDePreguntas] Generada pregunta de extraer monticulo  
2015-02-05 19:51:02,969 INFO  [VGenDePreguntas] Generada pregunta pila 
2015-02-09 12:07:20,654 INFO  [VInicial] Aplicacion iniciada 
2015-02-25 10:48:49,267 INFO  [VInicial] Aplicacion iniciada 
2015-02-25 10:49:25,432 INFO  [VInicial] Ruta seleccionada 
2015-02-25 10:49:26,267 INFO  [VInicial] Ruta correcta 
2015-02-25 10:49:26,372 INFO  [VGenDePreguntas] Pantalla Principal  
2015-02-25 10:49:26,642 INFO  [VGenDePreguntas] Cargando ayuda  
2015-02-25 10:49:41,462 INFO  [VGenDePreguntas] Generada pregunta de extraer monticulo  
2015-02-25 10:49:44,545 INFO  [VGenDePreguntas] Generada pregunta de extraer monticulo  
2015-02-25 10:49:52,356 INFO  [VGenDePreguntas] Generada pregunta de extraer monticulo  
2015-02-25 10:49:54,877 INFO  [VGenDePreguntas] Generada pregunta de extraer monticulo  
2015-02-25 10:49:59,278 INFO  [VGenDePreguntas] Generada pregunta de extraer monticulo  
2015-03-13 13:57:49,177 INFO  [VInicial] Aplicacion iniciada 
2015-03-13 13:58:21,599 INFO  [VInicial] Ruta seleccionada 
2015-03-13 13:58:22,463 INFO  [VInicial] Ruta correcta 
2015-03-13 13:58:22,545 INFO  [VGenDePreguntas] Pantalla Principal  
2015-03-13 13:58:22,739 INFO  [VGenDePreguntas] Cargando ayuda  
2015-03-13 13:58:40,669 INFO  [VGenDePreguntas] Generada pregunta de inserción directa  
2015-03-13 14:02:21,201 INFO  [VGenDePreguntas] Generada la pregunta añadir arboles binarios 
2015-03-13 14:02:24,086 INFO  [VGenDePreguntas] Generada la pregunta añadir arboles binarios 
2015-03-25 10:49:33,883 INFO  [VInicial] Aplicacion iniciada 
2015-03-25 10:49:48,273 INFO  [VInicial] Ruta seleccionada 
2015-03-25 10:49:49,215 INFO  [VInicial] Ruta correcta 
2015-03-25 10:49:49,315 INFO  [VGenDePreguntas] Pantalla Principal  
2015-03-25 10:49:49,545 INFO  [VGenDePreguntas] Cargando ayuda  
2015-03-25 10:49:57,446 INFO  [VGenDePreguntas] Generada pregunta de extraer monticulo  
2015-03-25 10:50:26,213 INFO  [VGenDePreguntas] Generada pregunta pila 
2015-03-25 10:50:46,586 INFO  [VGenDePreguntas] Generada pregunta de tabla Hash  
2015-03-25 10:51:22,145 INFO  [VGenDePreguntas] Generada la pregunta añadir arboles binarios 
2015-03-25 11:00:56,921 INFO  [VGenDePreguntas] Generada la pregunta añadir arboles binarios 
2015-04-09 11:44:37,891 INFO  [VInicial] Aplicacion iniciada 
2015-04-18 10:40:31,923 INFO  [VInicial] Aplicacion iniciada 
2015-04-18 10:40:53,019 INFO  [VInicial] Ruta seleccionada 
2015-04-18 10:40:53,679 INFO  [VInicial] Ruta correcta 
2015-04-18 10:40:53,709 INFO  [VGenDePreguntas] Pantalla Principal  
2015-04-18 10:40:53,789 INFO  [VGenDePreguntas] Cargando ayuda  
2015-04-18 10:45:52,431 INFO  [VInicial] Aplicacion iniciada 
2015-04-18 10:46:01,967 INFO  [VInicial] Ruta seleccionada 
2015-04-18 10:46:02,577 INFO  [VInicial] Ruta correcta 
2015-04-18 10:46:02,587 INFO  [VGenDePreguntas] Pantalla Principal  
2015-04-18 10:46:02,677 INFO  [VGenDePreguntas] Cargando ayuda  
